<?xml version="1.0" encoding="UTF-8"?>
<testsuite name="com.junmo.junmowebsite.domain.board.repository.BoardRepositoryTest" tests="4" skipped="0" failures="0" errors="0" timestamp="2024-01-01T14:11:12" hostname="JUNMOCOM" time="0.82">
  <properties/>
  <testcase name="Board 삭제 확인" classname="com.junmo.junmowebsite.domain.board.repository.BoardRepositoryTest" time="0.659"/>
  <testcase name="Board 조회 성공" classname="com.junmo.junmowebsite.domain.board.repository.BoardRepositoryTest" time="0.1"/>
  <testcase name="Board 저장 성공" classname="com.junmo.junmowebsite.domain.board.repository.BoardRepositoryTest" time="0.006"/>
  <testcase name="Board 수정 성공" classname="com.junmo.junmowebsite.domain.board.repository.BoardRepositoryTest" time="0.049"/>
  <system-out><![CDATA[2024-01-01T23:11:11.921+09:00  INFO 13624 --- [junmo-website] [    Test worker] t.c.s.AnnotationConfigContextLoaderUtils : Could not detect default configuration classes for test class [com.junmo.junmowebsite.domain.board.repository.BoardRepositoryTest]: BoardRepositoryTest does not declare any static, non-private, non-final, nested classes annotated with @Configuration.
2024-01-01T23:11:11.959+09:00  INFO 13624 --- [junmo-website] [    Test worker] .b.t.c.SpringBootTestContextBootstrapper : Found @SpringBootConfiguration com.junmo.junmowebsite.JunmoWebsiteApplication for test class com.junmo.junmowebsite.domain.board.repository.BoardRepositoryTest

  .   ____          _            __ _ _
 /\\ / ___'_ __ _ _(_)_ __  __ _ \ \ \ \
( ( )\___ | '_ | '_| | '_ \/ _` | \ \ \ \
 \\/  ___)| |_)| | | | | || (_| |  ) ) ) )
  '  |____| .__|_| |_|_| |_\__, | / / / /
 =========|_|==============|___/=/_/_/_/
 :: Spring Boot ::                (v3.2.1)

2024-01-01T23:11:12.022+09:00  INFO 13624 --- [junmo-website] [    Test worker] c.j.j.d.b.r.BoardRepositoryTest          : Starting BoardRepositoryTest using Java 17.0.5 with PID 13624 (started by junmo in C:\Git_Personal\Junmo-WebSite)
2024-01-01T23:11:12.023+09:00  INFO 13624 --- [junmo-website] [    Test worker] c.j.j.d.b.r.BoardRepositoryTest          : The following 2 profiles are active: "common", "dev"
2024-01-01T23:11:12.204+09:00  INFO 13624 --- [junmo-website] [    Test worker] .s.d.r.c.RepositoryConfigurationDelegate : Bootstrapping Spring Data JPA repositories in DEFAULT mode.
2024-01-01T23:11:12.221+09:00  INFO 13624 --- [junmo-website] [    Test worker] .s.d.r.c.RepositoryConfigurationDelegate : Finished Spring Data repository scanning in 16 ms. Found 1 JPA repository interface.
2024-01-01T23:11:12.250+09:00  INFO 13624 --- [junmo-website] [    Test worker] beddedDataSourceBeanFactoryPostProcessor : Replacing 'dataSource' DataSource bean with embedded version
2024-01-01T23:11:12.323+09:00  INFO 13624 --- [junmo-website] [    Test worker] o.s.j.d.e.EmbeddedDatabaseFactory        : Starting embedded database: url='jdbc:h2:mem:4781912d-5f74-4ac3-b66b-8eeced4ee3c4;DB_CLOSE_DELAY=-1;DB_CLOSE_ON_EXIT=false', username='sa'
2024-01-01T23:11:12.385+09:00  INFO 13624 --- [junmo-website] [    Test worker] o.hibernate.jpa.internal.util.LogHelper  : HHH000204: Processing PersistenceUnitInfo [name: default]
2024-01-01T23:11:12.393+09:00  INFO 13624 --- [junmo-website] [    Test worker] o.h.c.internal.RegionFactoryInitiator    : HHH000026: Second-level cache disabled
2024-01-01T23:11:12.402+09:00  INFO 13624 --- [junmo-website] [    Test worker] o.s.o.j.p.SpringPersistenceUnitInfo      : No LoadTimeWeaver setup: ignoring JPA class transformer
2024-01-01T23:11:12.569+09:00  INFO 13624 --- [junmo-website] [    Test worker] o.h.e.t.j.p.i.JtaPlatformInitiator       : HHH000489: No JTA platform available (set 'hibernate.transaction.jta.platform' to enable JTA platform integration)
Hibernate: drop table if exists board cascade 
Hibernate: drop table if exists comment cascade 
Hibernate: drop table if exists hashtag cascade 
Hibernate: drop table if exists member cascade 
Hibernate: drop table if exists post cascade 
Hibernate: create table board (id bigint generated by default as identity, member_id bigint, description varchar(255), name varchar(255), primary key (id))
Hibernate: create table comment (board_id bigint, id bigint generated by default as identity, member_id bigint, post_id bigint, content varchar(255), primary key (id))
Hibernate: create table hashtag (board_id bigint, id bigint generated by default as identity, member_id bigint, post_id bigint, content varchar(255), primary key (id))
Hibernate: create table member (role tinyint check (role between 0 and 1), id bigint generated by default as identity, email varchar(255), nickname varchar(255), password varchar(255), phone_number varchar(255), primary key (id))
Hibernate: create table post (board_id bigint, id bigint generated by default as identity, member_id bigint, content varchar(255), title varchar(255), primary key (id))
Hibernate: alter table if exists board add constraint FKsds8ox89wwf6aihinar49rmfy foreign key (member_id) references member
Hibernate: alter table if exists comment add constraint FKlij9oor1nav89jeat35s6kbp1 foreign key (board_id) references board
Hibernate: alter table if exists comment add constraint FKmrrrpi513ssu63i2783jyiv9m foreign key (member_id) references member
Hibernate: alter table if exists comment add constraint FKs1slvnkuemjsq2kj4h3vhx7i1 foreign key (post_id) references post
Hibernate: alter table if exists hashtag add constraint FK5q40rtdctjrpyqnx0kj19lt29 foreign key (board_id) references board
Hibernate: alter table if exists hashtag add constraint FKaynvry7qf4dfn0vk7b72jx4kl foreign key (member_id) references member
Hibernate: alter table if exists hashtag add constraint FK72o9i5lc593v21u4pulq8jwoi foreign key (post_id) references post
Hibernate: alter table if exists post add constraint FK2t7katxxymxif93a9osshl0ns foreign key (board_id) references board
Hibernate: alter table if exists post add constraint FK83s99f4kx8oiqm3ro0sasmpww foreign key (member_id) references member
2024-01-01T23:11:12.591+09:00  INFO 13624 --- [junmo-website] [    Test worker] j.LocalContainerEntityManagerFactoryBean : Initialized JPA EntityManagerFactory for persistence unit 'default'
2024-01-01T23:11:12.730+09:00  INFO 13624 --- [junmo-website] [    Test worker] c.j.j.d.b.r.BoardRepositoryTest          : Started BoardRepositoryTest in 0.767 seconds (process running for 11.018)
Hibernate: insert into board (description,member_id,name,id) values (?,?,?,default)
Hibernate: insert into board (description,member_id,name,id) values (?,?,?,default)
Hibernate: insert into board (description,member_id,name,id) values (?,?,?,default)
Hibernate: insert into board (description,member_id,name,id) values (?,?,?,default)
]]></system-out>
  <system-err><![CDATA[]]></system-err>
</testsuite>
