<?xml version="1.0" encoding="UTF-8"?>
<testsuite name="com.junmo.junmowebsite.JunmoWebsiteApplicationTests" tests="1" skipped="0" failures="0" errors="0" timestamp="2024-01-01T14:11:08" hostname="JUNMOCOM" time="0.668">
  <properties/>
  <testcase name="contextLoads()" classname="com.junmo.junmowebsite.JunmoWebsiteApplicationTests" time="0.668"/>
  <system-out><![CDATA[23:11:02.890 [Test worker] INFO org.springframework.test.context.support.AnnotationConfigContextLoaderUtils -- Could not detect default configuration classes for test class [com.junmo.junmowebsite.JunmoWebsiteApplicationTests]: JunmoWebsiteApplicationTests does not declare any static, non-private, non-final, nested classes annotated with @Configuration.
23:11:03.009 [Test worker] INFO org.springframework.boot.test.context.SpringBootTestContextBootstrapper -- Found @SpringBootConfiguration com.junmo.junmowebsite.JunmoWebsiteApplication for test class com.junmo.junmowebsite.JunmoWebsiteApplicationTests

  .   ____          _            __ _ _
 /\\ / ___'_ __ _ _(_)_ __  __ _ \ \ \ \
( ( )\___ | '_ | '_| | '_ \/ _` | \ \ \ \
 \\/  ___)| |_)| | | | | || (_| |  ) ) ) )
  '  |____| .__|_| |_|_| |_\__, | / / / /
 =========|_|==============|___/=/_/_/_/
 :: Spring Boot ::                (v3.2.1)

2024-01-01T23:11:03.540+09:00  INFO 13624 --- [junmo-website] [    Test worker] c.j.j.JunmoWebsiteApplicationTests       : Starting JunmoWebsiteApplicationTests using Java 17.0.5 with PID 13624 (started by junmo in C:\Git_Personal\Junmo-WebSite)
2024-01-01T23:11:03.544+09:00  INFO 13624 --- [junmo-website] [    Test worker] c.j.j.JunmoWebsiteApplicationTests       : The following 2 profiles are active: "common", "dev"
2024-01-01T23:11:04.394+09:00  INFO 13624 --- [junmo-website] [    Test worker] .s.d.r.c.RepositoryConfigurationDelegate : Bootstrapping Spring Data JPA repositories in DEFAULT mode.
2024-01-01T23:11:04.461+09:00  INFO 13624 --- [junmo-website] [    Test worker] .s.d.r.c.RepositoryConfigurationDelegate : Finished Spring Data repository scanning in 58 ms. Found 1 JPA repository interface.
2024-01-01T23:11:05.104+09:00  INFO 13624 --- [junmo-website] [    Test worker] o.hibernate.jpa.internal.util.LogHelper  : HHH000204: Processing PersistenceUnitInfo [name: default]
2024-01-01T23:11:05.230+09:00  INFO 13624 --- [junmo-website] [    Test worker] org.hibernate.Version                    : HHH000412: Hibernate ORM core version 6.4.1.Final
2024-01-01T23:11:05.273+09:00  INFO 13624 --- [junmo-website] [    Test worker] o.h.c.internal.RegionFactoryInitiator    : HHH000026: Second-level cache disabled
2024-01-01T23:11:05.575+09:00  INFO 13624 --- [junmo-website] [    Test worker] o.s.o.j.p.SpringPersistenceUnitInfo      : No LoadTimeWeaver setup: ignoring JPA class transformer
2024-01-01T23:11:05.603+09:00  INFO 13624 --- [junmo-website] [    Test worker] com.zaxxer.hikari.HikariDataSource       : HikariPool-1 - Starting...
2024-01-01T23:11:05.790+09:00  INFO 13624 --- [junmo-website] [    Test worker] com.zaxxer.hikari.pool.HikariPool        : HikariPool-1 - Added connection conn0: url=jdbc:h2:mem:junmo-website-db user=JUNMO
2024-01-01T23:11:05.792+09:00  INFO 13624 --- [junmo-website] [    Test worker] com.zaxxer.hikari.HikariDataSource       : HikariPool-1 - Start completed.
2024-01-01T23:11:06.755+09:00  INFO 13624 --- [junmo-website] [    Test worker] o.h.e.t.j.p.i.JtaPlatformInitiator       : HHH000489: No JTA platform available (set 'hibernate.transaction.jta.platform' to enable JTA platform integration)
Hibernate: drop table if exists board cascade 
Hibernate: drop table if exists comment cascade 
Hibernate: drop table if exists hashtag cascade 
Hibernate: drop table if exists member cascade 
Hibernate: drop table if exists post cascade 
Hibernate: create table board (id bigint generated by default as identity, member_id bigint, description varchar(255), name varchar(255), primary key (id))
Hibernate: create table comment (board_id bigint, id bigint generated by default as identity, member_id bigint, post_id bigint, content varchar(255), primary key (id))
Hibernate: create table hashtag (board_id bigint, id bigint generated by default as identity, member_id bigint, post_id bigint, content varchar(255), primary key (id))
Hibernate: create table member (role tinyint check (role between 0 and 1), id bigint generated by default as identity, email varchar(255), nickname varchar(255), password varchar(255), phone_number varchar(255), primary key (id))
Hibernate: create table post (board_id bigint, id bigint generated by default as identity, member_id bigint, content varchar(255), title varchar(255), primary key (id))
Hibernate: alter table if exists board add constraint FKsds8ox89wwf6aihinar49rmfy foreign key (member_id) references member
Hibernate: alter table if exists comment add constraint FKlij9oor1nav89jeat35s6kbp1 foreign key (board_id) references board
Hibernate: alter table if exists comment add constraint FKmrrrpi513ssu63i2783jyiv9m foreign key (member_id) references member
Hibernate: alter table if exists comment add constraint FKs1slvnkuemjsq2kj4h3vhx7i1 foreign key (post_id) references post
Hibernate: alter table if exists hashtag add constraint FK5q40rtdctjrpyqnx0kj19lt29 foreign key (board_id) references board
Hibernate: alter table if exists hashtag add constraint FKaynvry7qf4dfn0vk7b72jx4kl foreign key (member_id) references member
Hibernate: alter table if exists hashtag add constraint FK72o9i5lc593v21u4pulq8jwoi foreign key (post_id) references post
Hibernate: alter table if exists post add constraint FK2t7katxxymxif93a9osshl0ns foreign key (board_id) references board
Hibernate: alter table if exists post add constraint FK83s99f4kx8oiqm3ro0sasmpww foreign key (member_id) references member
2024-01-01T23:11:06.819+09:00  INFO 13624 --- [junmo-website] [    Test worker] j.LocalContainerEntityManagerFactoryBean : Initialized JPA EntityManagerFactory for persistence unit 'default'
2024-01-01T23:11:07.767+09:00  WARN 13624 --- [junmo-website] [    Test worker] JpaBaseConfiguration$JpaWebConfiguration : spring.jpa.open-in-view is enabled by default. Therefore, database queries may be performed during view rendering. Explicitly configure spring.jpa.open-in-view to disable this warning
2024-01-01T23:11:08.619+09:00  INFO 13624 --- [junmo-website] [    Test worker] o.s.b.a.h2.H2ConsoleAutoConfiguration    : H2 console available at '/h2-console'. Database available at 'jdbc:h2:mem:junmo-website-db'
2024-01-01T23:11:08.790+09:00  INFO 13624 --- [junmo-website] [    Test worker] c.j.j.JunmoWebsiteApplicationTests       : Started JunmoWebsiteApplicationTests in 5.6 seconds (process running for 7.077)
]]></system-out>
  <system-err><![CDATA[]]></system-err>
</testsuite>
