<?xml version="1.0" encoding="UTF-8"?>
<testsuite name="com.junmo.junmowebsite.domain.board.controller.BoardControllerTest" tests="4" skipped="0" failures="0" errors="0" timestamp="2024-01-01T14:11:10" hostname="JUNMOCOM" time="1.122">
  <properties/>
  <testcase name="boardDetails()를 통해 게시판(Board)을 조회할 수 있다." classname="com.junmo.junmowebsite.domain.board.controller.BoardControllerTest" time="0.85"/>
  <testcase name="boardAdd()를 통해 게시판(Board)을 추가할 수 있다." classname="com.junmo.junmowebsite.domain.board.controller.BoardControllerTest" time="0.232"/>
  <testcase name="boardRemove()를 통해 게시판(Board)을 제거할 수 있다." classname="com.junmo.junmowebsite.domain.board.controller.BoardControllerTest" time="0.018"/>
  <testcase name="boardModify()를 통해 게시판(Board)을 수정할 수 있다." classname="com.junmo.junmowebsite.domain.board.controller.BoardControllerTest" time="0.013"/>
  <system-out><![CDATA[2024-01-01T23:11:09.546+09:00  INFO 13624 --- [junmo-website] [    Test worker] t.c.s.AnnotationConfigContextLoaderUtils : Could not detect default configuration classes for test class [com.junmo.junmowebsite.domain.board.controller.BoardControllerTest]: BoardControllerTest does not declare any static, non-private, non-final, nested classes annotated with @Configuration.
2024-01-01T23:11:09.586+09:00  INFO 13624 --- [junmo-website] [    Test worker] .b.t.c.SpringBootTestContextBootstrapper : Found @SpringBootConfiguration com.junmo.junmowebsite.JunmoWebsiteApplication for test class com.junmo.junmowebsite.domain.board.controller.BoardControllerTest

  .   ____          _            __ _ _
 /\\ / ___'_ __ _ _(_)_ __  __ _ \ \ \ \
( ( )\___ | '_ | '_| | '_ \/ _` | \ \ \ \
 \\/  ___)| |_)| | | | | || (_| |  ) ) ) )
  '  |____| .__|_| |_|_| |_\__, | / / / /
 =========|_|==============|___/=/_/_/_/
 :: Spring Boot ::                (v3.2.1)

2024-01-01T23:11:09.624+09:00  INFO 13624 --- [junmo-website] [    Test worker] c.j.j.d.b.c.BoardControllerTest          : Starting BoardControllerTest using Java 17.0.5 with PID 13624 (started by junmo in C:\Git_Personal\Junmo-WebSite)
2024-01-01T23:11:09.624+09:00  INFO 13624 --- [junmo-website] [    Test worker] c.j.j.d.b.c.BoardControllerTest          : The following 2 profiles are active: "common", "dev"
2024-01-01T23:11:10.712+09:00  INFO 13624 --- [junmo-website] [    Test worker] o.s.b.t.m.w.SpringBootMockServletContext : Initializing Spring TestDispatcherServlet ''
2024-01-01T23:11:10.713+09:00  INFO 13624 --- [junmo-website] [    Test worker] o.s.t.web.servlet.TestDispatcherServlet  : Initializing Servlet ''
2024-01-01T23:11:10.719+09:00  INFO 13624 --- [junmo-website] [    Test worker] o.s.t.web.servlet.TestDispatcherServlet  : Completed initialization in 1 ms
2024-01-01T23:11:10.750+09:00  INFO 13624 --- [junmo-website] [    Test worker] c.j.j.d.b.c.BoardControllerTest          : Started BoardControllerTest in 1.159 seconds (process running for 9.038)

MockHttpServletRequest:
      HTTP Method = GET
      Request URI = /api/v1/boards/1
       Parameters = {}
          Headers = [Content-Type:"application/json;charset=UTF-8"]
             Body = null
    Session Attrs = {}

Handler:
             Type = com.junmo.junmowebsite.domain.board.controller.BoardController
           Method = com.junmo.junmowebsite.domain.board.controller.BoardController#boardDetails(Long)

Async:
    Async started = false
     Async result = null

Resolved Exception:
             Type = null

ModelAndView:
        View name = null
             View = null
            Model = null

FlashMap:
       Attributes = null

MockHttpServletResponse:
           Status = 200
    Error message = null
          Headers = [Content-Type:"application/json"]
     Content type = application/json
             Body = {"message":"게시판 조회 완료","data":{"id":1,"name":"test_name01","description":"test_description01"}}
    Forwarded URL = null
   Redirected URL = null
          Cookies = []

MockHttpServletRequest:
      HTTP Method = POST
      Request URI = /api/v1/boards
       Parameters = {}
          Headers = [Content-Type:"application/json;charset=UTF-8", Content-Length:"57"]
             Body = {"name":"test_name01","description":"test_description01"}
    Session Attrs = {}

Handler:
             Type = com.junmo.junmowebsite.domain.board.controller.BoardController
           Method = com.junmo.junmowebsite.domain.board.controller.BoardController#boardAdd(BoardRequestDto)

Async:
    Async started = false
     Async result = null

Resolved Exception:
             Type = null

ModelAndView:
        View name = null
             View = null
            Model = null

FlashMap:
       Attributes = null

MockHttpServletResponse:
           Status = 201
    Error message = null
          Headers = [Content-Type:"application/json"]
     Content type = application/json
             Body = {"message":"게시판 생성 완료","data":{"id":1,"name":"test_name01","description":"test_description01"}}
    Forwarded URL = null
   Redirected URL = null
          Cookies = []

MockHttpServletRequest:
      HTTP Method = DELETE
      Request URI = /api/v1/boards/1
       Parameters = {}
          Headers = [Content-Type:"application/json;charset=UTF-8"]
             Body = null
    Session Attrs = {}

Handler:
             Type = com.junmo.junmowebsite.domain.board.controller.BoardController
           Method = com.junmo.junmowebsite.domain.board.controller.BoardController#boardRemove(Long)

Async:
    Async started = false
     Async result = null

Resolved Exception:
             Type = null

ModelAndView:
        View name = null
             View = null
            Model = null

FlashMap:
       Attributes = null

MockHttpServletResponse:
           Status = 200
    Error message = null
          Headers = [Content-Type:"application/json"]
     Content type = application/json
             Body = {"message":"게시판 삭제 완료","data":null}
    Forwarded URL = null
   Redirected URL = null
          Cookies = []

MockHttpServletRequest:
      HTTP Method = PATCH
      Request URI = /api/v1/boards/1
       Parameters = {}
          Headers = [Content-Type:"application/json;charset=UTF-8", Content-Length:"57"]
             Body = {"name":"test_name01","description":"test_description01"}
    Session Attrs = {}

Handler:
             Type = com.junmo.junmowebsite.domain.board.controller.BoardController
           Method = com.junmo.junmowebsite.domain.board.controller.BoardController#boardModify(Long, BoardRequestDto)

Async:
    Async started = false
     Async result = null

Resolved Exception:
             Type = null

ModelAndView:
        View name = null
             View = null
            Model = null

FlashMap:
       Attributes = null

MockHttpServletResponse:
           Status = 200
    Error message = null
          Headers = [Content-Type:"application/json"]
     Content type = application/json
             Body = {"message":"게시판 수정 완료","data":{"id":1,"name":"test_name01","description":"test_description01"}}
    Forwarded URL = null
   Redirected URL = null
          Cookies = []
]]></system-out>
  <system-err><![CDATA[]]></system-err>
</testsuite>
